Arguments: 
  C:\Program Files\nodejs\node.exe C:\Program Files (x86)\Yarn\bin\yarn.js install

PATH: 
  C:\Program Files (x86)\Common Files\Oracle\Java\javapath;C:\WINDOWS\system32;C:\WINDOWS;C:\WINDOWS\System32\Wbem;C:\WINDOWS\System32\WindowsPowerShell\v1.0\;C:\WINDOWS\System32\OpenSSH\;C:\Program Files (x86)\Symantec\VIP Access Client\;C:\Program Files\Microsoft SQL Server\130\Tools\Binn\;C:\Program Files\Microsoft SQL Server\Client SDK\ODBC\170\Tools\Binn\;C:\Program Files (x86)\WinMerge;C:\Program Files (x86)\Microsoft SQL Server\Client SDK\ODBC\130\Tools\Binn\;C:\Program Files (x86)\Microsoft SQL Server\140\Tools\Binn\;C:\Program Files (x86)\Microsoft SQL Server\140\DTS\Binn\;C:\Program Files (x86)\Microsoft SQL Server\140\Tools\Binn\ManagementStudio\;C:\apache-jmeter-5.2.1\bin;C:\apache-ant-1.10.7\bin;C:\ProgramData\chocolatey\bin;C:\Program Files (x86)\Yarn\bin\;C:\Program Files\Intel\WiFi\bin\;C:\Program Files\Common Files\Intel\WirelessCommon\;C:\Program Files (x86)\Micro Focus\Content Manager\;C:\Program Files\dotnet\;C:\Program Files\Git\cmd;C:\Program Files\nodejs\;C:\Users\jian.a.zheng\AppData\Local\Microsoft\WindowsApps;C:\Users\jian.a.zheng\AppData\Local\Programs\Microsoft VS Code\bin;C:\Users\jian.a.zheng\AppData\Local\Yarn\bin;C:\Users\jian.a.zheng\.dotnet\tools;C:\Users\jian.a.zheng\AppData\Roaming\npm

Yarn version: 
  1.19.1

Node version: 
  14.9.0

Platform: 
  win32 x64

Trace: 
  Error: https://registry.npm.taobao.org/jasmine-core/download/jasmine-core-3.6.0.tgz?cache=0&sync_timestamp=1596000992772&other_urls=https%3A%2F%2Fregistry.npm.taobao.org%2Fjasmine-core%2Fdownload%2Fjasmine-core-3.6.0.tgz: unexpected end of file
      at Zlib.zlibOnError [as onerror] (zlib.js:180:17)

npm manifest: 
  {
    "name": "angular-aws-app",
    "version": "0.0.0",
    "scripts": {
      "ng": "ng",
      "start": "ng serve",
      "build": "ng build",
      "test": "ng test",
      "lint": "ng lint",
      "e2e": "ng e2e"
    },
    "private": true,
    "dependencies": {
      "@angular/animations": "~8.2.14",
      "@angular/common": "~8.2.14",
      "@angular/compiler": "~8.2.14",
      "@angular/core": "~8.2.14",
      "@angular/forms": "~8.2.14",
      "@angular/platform-browser": "~8.2.14",
      "@angular/platform-browser-dynamic": "~8.2.14",
      "@angular/router": "~8.2.14",
      "rxjs": "~6.4.0",
      "tslib": "^1.10.0",
      "zone.js": "~0.9.1"
    },
    "devDependencies": {
      "@angular-devkit/build-angular": "~0.803.20",
      "@angular/cli": "~8.3.20",
      "@angular/compiler-cli": "~8.2.14",
      "@angular/language-service": "~8.2.14",
      "@types/node": "~8.9.4",
      "@types/jasmine": "~3.3.8",
      "@types/jasminewd2": "~2.0.3",
      "codelyzer": "^5.0.0",
      "jasmine-core": "~3.4.0",
      "jasmine-spec-reporter": "~4.2.1",
      "karma": "~4.1.0",
      "karma-chrome-launcher": "~2.2.0",
      "karma-coverage-istanbul-reporter": "~2.0.1",
      "karma-jasmine": "~2.0.1",
      "karma-jasmine-html-reporter": "^1.4.0",
      "protractor": "~5.4.0",
      "ts-node": "~7.0.0",
      "tslint": "~5.15.0",
      "typescript": "~3.5.3"
    }
  }

yarn manifest: 
  No manifest

Lockfile: 
  No lockfile
